{"/Users/sanketkamboj/Desktop/promptwars/server/services/carbonEngine.js": {"path":"/Users/sanketkamboj/Desktop/promptwars/server/services/carbonEngine.js","statementMap":{"0":{"start":{"line":9,"column":24},"end":{"line":9,"column":59}},"1":{"start":{"line":10,"column":24},"end":{"line":10,"column":64}},"2":{"start":{"line":11,"column":24},"end":{"line":11,"column":58}},"3":{"start":{"line":22,"column":20},"end":{"line":22,"column":51}},"4":{"start":{"line":23,"column":20},"end":{"line":23,"column":68}},"5":{"start":{"line":24,"column":2},"end":{"line":28,"column":4}},"6":{"start":{"line":40,"column":19},"end":{"line":40,"column":51}},"7":{"start":{"line":41,"column":19},"end":{"line":41,"column":85}},"8":{"start":{"line":42,"column":2},"end":{"line":47,"column":4}},"9":{"start":{"line":58,"column":20},"end":{"line":58,"column":58}},"10":{"start":{"line":59,"column":2},"end":{"line":59,"column":66}},"11":{"start":{"line":72,"column":17},"end":{"line":72,"column":51}},"12":{"start":{"line":73,"column":14},"end":{"line":76,"column":3}},"13":{"start":{"line":74,"column":11},"end":{"line":75,"column":59}},"14":{"start":{"line":77,"column":2},"end":{"line":85,"column":3}},"15":{"start":{"line":78,"column":17},"end":{"line":78,"column":38}},"16":{"start":{"line":79,"column":4},"end":{"line":84,"column":6}},"17":{"start":{"line":87,"column":19},"end":{"line":87,"column":57}},"18":{"start":{"line":88,"column":2},"end":{"line":93,"column":4}},"19":{"start":{"line":105,"column":20},"end":{"line":105,"column":66}},"20":{"start":{"line":107,"column":20},"end":{"line":107,"column":73}},"21":{"start":{"line":109,"column":20},"end":{"line":109,"column":24}},"22":{"start":{"line":110,"column":2},"end":{"line":115,"column":4}},"23":{"start":{"line":124,"column":24},"end":{"line":134,"column":1}},"24":{"start":{"line":143,"column":18},"end":{"line":143,"column":50}},"25":{"start":{"line":144,"column":20},"end":{"line":144,"column":72}},"26":{"start":{"line":145,"column":2},"end":{"line":148,"column":4}},"27":{"start":{"line":161,"column":2},"end":{"line":163,"column":4}},"28":{"start":{"line":176,"column":2},"end":{"line":176,"column":28}},"29":{"start":{"line":176,"column":19},"end":{"line":176,"column":28}},"30":{"start":{"line":177,"column":2},"end":{"line":177,"column":69}},"31":{"start":{"line":180,"column":0},"end":{"line":190,"column":2}}},"fnMap":{"0":{"name":"calcElectricity","decl":{"start":{"line":21,"column":9},"end":{"line":21,"column":24}},"loc":{"start":{"line":21,"column":39},"end":{"line":29,"column":1}},"line":21},"1":{"name":"calcTransport","decl":{"start":{"line":39,"column":9},"end":{"line":39,"column":22}},"loc":{"start":{"line":39,"column":37},"end":{"line":48,"column":1}},"line":39},"2":{"name":"estimateDistanceFromFare","decl":{"start":{"line":57,"column":9},"end":{"line":57,"column":33}},"loc":{"start":{"line":57,"column":61},"end":{"line":60,"column":1}},"line":57},"3":{"name":"calcFoodItem","decl":{"start":{"line":71,"column":9},"end":{"line":71,"column":21}},"loc":{"start":{"line":71,"column":42},"end":{"line":94,"column":1}},"line":71},"4":{"name":"(anonymous_4)","decl":{"start":{"line":74,"column":4},"end":{"line":74,"column":5}},"loc":{"start":{"line":74,"column":11},"end":{"line":75,"column":59}},"line":74},"5":{"name":"calcFoodDelivery","decl":{"start":{"line":103,"column":9},"end":{"line":103,"column":25}},"loc":{"start":{"line":103,"column":54},"end":{"line":116,"column":1}},"line":103},"6":{"name":"calcSpend","decl":{"start":{"line":142,"column":9},"end":{"line":142,"column":18}},"loc":{"start":{"line":142,"column":37},"end":{"line":149,"column":1}},"line":142},"7":{"name":"scoreSwap","decl":{"start":{"line":160,"column":9},"end":{"line":160,"column":18}},"loc":{"start":{"line":160,"column":64},"end":{"line":164,"column":1}},"line":160},"8":{"name":"normalise","decl":{"start":{"line":175,"column":9},"end":{"line":175,"column":18}},"loc":{"start":{"line":175,"column":36},"end":{"line":178,"column":1}},"line":175}},"branchMap":{"0":{"loc":{"start":{"line":22,"column":32},"end":{"line":22,"column":50}},"type":"binary-expr","locations":[{"start":{"line":22,"column":32},"end":{"line":22,"column":45}},{"start":{"line":22,"column":49},"end":{"line":22,"column":50}}],"line":22},"1":{"loc":{"start":{"line":23,"column":20},"end":{"line":23,"column":68}},"type":"binary-expr","locations":[{"start":{"line":23,"column":20},"end":{"line":23,"column":45}},{"start":{"line":23,"column":49},"end":{"line":23,"column":68}}],"line":23},"2":{"loc":{"start":{"line":40,"column":31},"end":{"line":40,"column":50}},"type":"binary-expr","locations":[{"start":{"line":40,"column":31},"end":{"line":40,"column":45}},{"start":{"line":40,"column":49},"end":{"line":40,"column":50}}],"line":40},"3":{"loc":{"start":{"line":41,"column":19},"end":{"line":41,"column":85}},"type":"binary-expr","locations":[{"start":{"line":41,"column":19},"end":{"line":41,"column":47}},{"start":{"line":41,"column":51},"end":{"line":41,"column":85}}],"line":41},"4":{"loc":{"start":{"line":57,"column":42},"end":{"line":57,"column":59}},"type":"default-arg","locations":[{"start":{"line":57,"column":49},"end":{"line":57,"column":59}}],"line":57},"5":{"loc":{"start":{"line":58,"column":20},"end":{"line":58,"column":58}},"type":"binary-expr","locations":[{"start":{"line":58,"column":20},"end":{"line":58,"column":52}},{"start":{"line":58,"column":56},"end":{"line":58,"column":58}}],"line":58},"6":{"loc":{"start":{"line":72,"column":29},"end":{"line":72,"column":50}},"type":"binary-expr","locations":[{"start":{"line":72,"column":29},"end":{"line":72,"column":45}},{"start":{"line":72,"column":49},"end":{"line":72,"column":50}}],"line":72},"7":{"loc":{"start":{"line":74,"column":11},"end":{"line":75,"column":59}},"type":"binary-expr","locations":[{"start":{"line":74,"column":11},"end":{"line":74,"column":59}},{"start":{"line":75,"column":11},"end":{"line":75,"column":59}}],"line":74},"8":{"loc":{"start":{"line":77,"column":2},"end":{"line":85,"column":3}},"type":"if","locations":[{"start":{"line":77,"column":2},"end":{"line":85,"column":3}},{"start":{},"end":{}}],"line":77},"9":{"loc":{"start":{"line":103,"column":34},"end":{"line":103,"column":52}},"type":"default-arg","locations":[{"start":{"line":103,"column":51},"end":{"line":103,"column":52}}],"line":103},"10":{"loc":{"start":{"line":143,"column":30},"end":{"line":143,"column":49}},"type":"binary-expr","locations":[{"start":{"line":143,"column":30},"end":{"line":143,"column":44}},{"start":{"line":143,"column":48},"end":{"line":143,"column":49}}],"line":143},"11":{"loc":{"start":{"line":144,"column":20},"end":{"line":144,"column":72}},"type":"binary-expr","locations":[{"start":{"line":144,"column":20},"end":{"line":144,"column":45}},{"start":{"line":144,"column":49},"end":{"line":144,"column":72}}],"line":144},"12":{"loc":{"start":{"line":176,"column":2},"end":{"line":176,"column":28}},"type":"if","locations":[{"start":{"line":176,"column":2},"end":{"line":176,"column":28}},{"start":{},"end":{}}],"line":176}},"s":{"0":3,"1":3,"2":3,"3":6,"4":6,"5":6,"6":7,"7":7,"8":7,"9":2,"10":2,"11":4,"12":4,"13":68,"14":4,"15":4,"16":4,"17":0,"18":0,"19":4,"20":4,"21":4,"22":4,"23":3,"24":0,"25":0,"26":0,"27":30,"28":0,"29":0,"30":0,"31":3},"f":{"0":6,"1":7,"2":2,"3":4,"4":68,"5":4,"6":0,"7":30,"8":0},"b":{"0":[6,1],"1":[6,1],"2":[7,1],"3":[7,0],"4":[1],"5":[2,0],"6":[4,0],"7":[68,64],"8":[4,0],"9":[0],"10":[0,0],"11":[0,0],"12":[0,0]},"_coverageSchema":"1a1c01bbd47fc00a2c39e90264f33305004495a9","hash":"457e2fab5ca4082cafdb4173f521614038b8b2b3"}
,"/Users/sanketkamboj/Desktop/promptwars/server/services/groq.js": {"path":"/Users/sanketkamboj/Desktop/promptwars/server/services/groq.js","statementMap":{"0":{"start":{"line":3,"column":13},"end":{"line":3,"column":32}},"1":{"start":{"line":11,"column":21},"end":{"line":11,"column":46}},"2":{"start":{"line":12,"column":21},"end":{"line":12,"column":64}},"3":{"start":{"line":15,"column":15},"end":{"line":15,"column":24}},"4":{"start":{"line":16,"column":21},"end":{"line":16,"column":34}},"5":{"start":{"line":18,"column":15},"end":{"line":18,"column":17}},"6":{"start":{"line":19,"column":20},"end":{"line":19,"column":21}},"7":{"start":{"line":26,"column":2},"end":{"line":34,"column":3}},"8":{"start":{"line":27,"column":22},"end":{"line":27,"column":52}},"9":{"start":{"line":28,"column":17},"end":{"line":28,"column":71}},"10":{"start":{"line":28,"column":47},"end":{"line":28,"column":55}},"11":{"start":{"line":28,"column":69},"end":{"line":28,"column":70}},"12":{"start":{"line":30,"column":4},"end":{"line":32,"column":5}},"13":{"start":{"line":31,"column":6},"end":{"line":31,"column":83}},"14":{"start":{"line":33,"column":4},"end":{"line":33,"column":56}},"15":{"start":{"line":33,"column":34},"end":{"line":33,"column":54}},"16":{"start":{"line":42,"column":2},"end":{"line":42,"column":16}},"17":{"start":{"line":43,"column":17},"end":{"line":43,"column":18}},"18":{"start":{"line":44,"column":18},"end":{"line":44,"column":22}},"19":{"start":{"line":46,"column":2},"end":{"line":64,"column":3}},"20":{"start":{"line":47,"column":4},"end":{"line":63,"column":5}},"21":{"start":{"line":48,"column":21},"end":{"line":48,"column":44}},"22":{"start":{"line":49,"column":6},"end":{"line":49,"column":37}},"23":{"start":{"line":51,"column":6},"end":{"line":51,"column":22}},"24":{"start":{"line":52,"column":21},"end":{"line":52,"column":55}},"25":{"start":{"line":55,"column":6},"end":{"line":62,"column":7}},"26":{"start":{"line":56,"column":8},"end":{"line":56,"column":110}},"27":{"start":{"line":57,"column":8},"end":{"line":57,"column":62}},"28":{"start":{"line":58,"column":8},"end":{"line":58,"column":19}},"29":{"start":{"line":61,"column":8},"end":{"line":61,"column":18}},"30":{"start":{"line":66,"column":2},"end":{"line":66,"column":106}},"31":{"start":{"line":74,"column":16},"end":{"line":74,"column":31}},"32":{"start":{"line":75,"column":2},"end":{"line":75,"column":63}},"33":{"start":{"line":75,"column":45},"end":{"line":75,"column":63}},"34":{"start":{"line":76,"column":2},"end":{"line":76,"column":21}},"35":{"start":{"line":77,"column":2},"end":{"line":77,"column":14}},"36":{"start":{"line":86,"column":2},"end":{"line":86,"column":66}},"37":{"start":{"line":105,"column":6},"end":{"line":105,"column":13}},"38":{"start":{"line":107,"column":19},"end":{"line":107,"column":86}},"39":{"start":{"line":108,"column":2},"end":{"line":111,"column":3}},"40":{"start":{"line":109,"column":16},"end":{"line":109,"column":35}},"41":{"start":{"line":110,"column":4},"end":{"line":110,"column":24}},"42":{"start":{"line":110,"column":13},"end":{"line":110,"column":24}},"43":{"start":{"line":113,"column":17},"end":{"line":118,"column":3}},"44":{"start":{"line":119,"column":2},"end":{"line":119,"column":61}},"45":{"start":{"line":119,"column":12},"end":{"line":119,"column":61}},"46":{"start":{"line":121,"column":21},"end":{"line":121,"column":88}},"47":{"start":{"line":121,"column":49},"end":{"line":121,"column":87}},"48":{"start":{"line":122,"column":18},"end":{"line":122,"column":63}},"49":{"start":{"line":124,"column":2},"end":{"line":124,"column":45}},"50":{"start":{"line":124,"column":16},"end":{"line":124,"column":45}},"51":{"start":{"line":125,"column":2},"end":{"line":125,"column":17}},"52":{"start":{"line":139,"column":45},"end":{"line":139,"column":52}},"53":{"start":{"line":141,"column":17},"end":{"line":157,"column":3}},"54":{"start":{"line":158,"column":2},"end":{"line":158,"column":61}},"55":{"start":{"line":158,"column":12},"end":{"line":158,"column":61}},"56":{"start":{"line":160,"column":21},"end":{"line":160,"column":88}},"57":{"start":{"line":160,"column":49},"end":{"line":160,"column":87}},"58":{"start":{"line":161,"column":2},"end":{"line":161,"column":55}},"59":{"start":{"line":172,"column":18},"end":{"line":172,"column":84}},"60":{"start":{"line":173,"column":2},"end":{"line":173,"column":29}},"61":{"start":{"line":176,"column":0},"end":{"line":176,"column":55}}},"fnMap":{"0":{"name":"initClients","decl":{"start":{"line":25,"column":9},"end":{"line":25,"column":20}},"loc":{"start":{"line":25,"column":23},"end":{"line":35,"column":1}},"line":25},"1":{"name":"(anonymous_1)","decl":{"start":{"line":28,"column":42},"end":{"line":28,"column":43}},"loc":{"start":{"line":28,"column":47},"end":{"line":28,"column":55}},"line":28},"2":{"name":"(anonymous_2)","decl":{"start":{"line":28,"column":64},"end":{"line":28,"column":65}},"loc":{"start":{"line":28,"column":69},"end":{"line":28,"column":70}},"line":28},"3":{"name":"(anonymous_3)","decl":{"start":{"line":33,"column":24},"end":{"line":33,"column":25}},"loc":{"start":{"line":33,"column":34},"end":{"line":33,"column":54}},"line":33},"4":{"name":"withRetry","decl":{"start":{"line":41,"column":15},"end":{"line":41,"column":24}},"loc":{"start":{"line":41,"column":36},"end":{"line":67,"column":1}},"line":41},"5":{"name":"getCached","decl":{"start":{"line":73,"column":9},"end":{"line":73,"column":18}},"loc":{"start":{"line":73,"column":24},"end":{"line":78,"column":1}},"line":73},"6":{"name":"setCached","decl":{"start":{"line":85,"column":9},"end":{"line":85,"column":18}},"loc":{"start":{"line":85,"column":30},"end":{"line":87,"column":1}},"line":85},"7":{"name":"complete","decl":{"start":{"line":99,"column":15},"end":{"line":99,"column":23}},"loc":{"start":{"line":99,"column":48},"end":{"line":126,"column":1}},"line":99},"8":{"name":"(anonymous_8)","decl":{"start":{"line":121,"column":37},"end":{"line":121,"column":38}},"loc":{"start":{"line":121,"column":49},"end":{"line":121,"column":87}},"line":121},"9":{"name":"analyzeImage","decl":{"start":{"line":138,"column":15},"end":{"line":138,"column":27}},"loc":{"start":{"line":138,"column":73},"end":{"line":162,"column":1}},"line":138},"10":{"name":"(anonymous_10)","decl":{"start":{"line":160,"column":37},"end":{"line":160,"column":38}},"loc":{"start":{"line":160,"column":49},"end":{"line":160,"column":87}},"line":160},"11":{"name":"parseJSON","decl":{"start":{"line":170,"column":9},"end":{"line":170,"column":18}},"loc":{"start":{"line":170,"column":24},"end":{"line":174,"column":1}},"line":170}},"branchMap":{"0":{"loc":{"start":{"line":26,"column":2},"end":{"line":34,"column":3}},"type":"if","locations":[{"start":{"line":26,"column":2},"end":{"line":34,"column":3}},{"start":{},"end":{}}],"line":26},"1":{"loc":{"start":{"line":27,"column":22},"end":{"line":27,"column":52}},"type":"binary-expr","locations":[{"start":{"line":27,"column":22},"end":{"line":27,"column":46}},{"start":{"line":27,"column":50},"end":{"line":27,"column":52}}],"line":27},"2":{"loc":{"start":{"line":30,"column":4},"end":{"line":32,"column":5}},"type":"if","locations":[{"start":{"line":30,"column":4},"end":{"line":32,"column":5}},{"start":{},"end":{}}],"line":30},"3":{"loc":{"start":{"line":52,"column":21},"end":{"line":52,"column":55}},"type":"binary-expr","locations":[{"start":{"line":52,"column":21},"end":{"line":52,"column":31}},{"start":{"line":52,"column":35},"end":{"line":52,"column":55}}],"line":52},"4":{"loc":{"start":{"line":55,"column":6},"end":{"line":62,"column":7}},"type":"if","locations":[{"start":{"line":55,"column":6},"end":{"line":62,"column":7}},{"start":{"line":59,"column":13},"end":{"line":62,"column":7}}],"line":55},"5":{"loc":{"start":{"line":55,"column":10},"end":{"line":55,"column":60}},"type":"binary-expr","locations":[{"start":{"line":55,"column":10},"end":{"line":55,"column":24}},{"start":{"line":55,"column":28},"end":{"line":55,"column":42}},{"start":{"line":55,"column":46},"end":{"line":55,"column":60}}],"line":55},"6":{"loc":{"start":{"line":75,"column":2},"end":{"line":75,"column":63}},"type":"if","locations":[{"start":{"line":75,"column":2},"end":{"line":75,"column":63}},{"start":{},"end":{}}],"line":75},"7":{"loc":{"start":{"line":75,"column":6},"end":{"line":75,"column":43}},"type":"binary-expr","locations":[{"start":{"line":75,"column":6},"end":{"line":75,"column":11}},{"start":{"line":75,"column":15},"end":{"line":75,"column":43}}],"line":75},"8":{"loc":{"start":{"line":99,"column":34},"end":{"line":99,"column":46}},"type":"default-arg","locations":[{"start":{"line":99,"column":44},"end":{"line":99,"column":46}}],"line":99},"9":{"loc":{"start":{"line":101,"column":4},"end":{"line":101,"column":23}},"type":"default-arg","locations":[{"start":{"line":101,"column":18},"end":{"line":101,"column":23}}],"line":101},"10":{"loc":{"start":{"line":102,"column":4},"end":{"line":102,"column":22}},"type":"default-arg","locations":[{"start":{"line":102,"column":18},"end":{"line":102,"column":22}}],"line":102},"11":{"loc":{"start":{"line":103,"column":4},"end":{"line":103,"column":21}},"type":"default-arg","locations":[{"start":{"line":103,"column":18},"end":{"line":103,"column":21}}],"line":103},"12":{"loc":{"start":{"line":104,"column":4},"end":{"line":104,"column":22}},"type":"default-arg","locations":[{"start":{"line":104,"column":18},"end":{"line":104,"column":22}}],"line":104},"13":{"loc":{"start":{"line":107,"column":19},"end":{"line":107,"column":86}},"type":"cond-expr","locations":[{"start":{"line":107,"column":27},"end":{"line":107,"column":79}},{"start":{"line":107,"column":82},"end":{"line":107,"column":86}}],"line":107},"14":{"loc":{"start":{"line":108,"column":2},"end":{"line":111,"column":3}},"type":"if","locations":[{"start":{"line":108,"column":2},"end":{"line":111,"column":3}},{"start":{},"end":{}}],"line":108},"15":{"loc":{"start":{"line":110,"column":4},"end":{"line":110,"column":24}},"type":"if","locations":[{"start":{"line":110,"column":4},"end":{"line":110,"column":24}},{"start":{},"end":{}}],"line":110},"16":{"loc":{"start":{"line":119,"column":2},"end":{"line":119,"column":61}},"type":"if","locations":[{"start":{"line":119,"column":2},"end":{"line":119,"column":61}},{"start":{},"end":{}}],"line":119},"17":{"loc":{"start":{"line":122,"column":18},"end":{"line":122,"column":63}},"type":"binary-expr","locations":[{"start":{"line":122,"column":18},"end":{"line":122,"column":57}},{"start":{"line":122,"column":61},"end":{"line":122,"column":63}}],"line":122},"18":{"loc":{"start":{"line":124,"column":2},"end":{"line":124,"column":45}},"type":"if","locations":[{"start":{"line":124,"column":2},"end":{"line":124,"column":45}},{"start":{},"end":{}}],"line":124},"19":{"loc":{"start":{"line":138,"column":59},"end":{"line":138,"column":71}},"type":"default-arg","locations":[{"start":{"line":138,"column":69},"end":{"line":138,"column":71}}],"line":138},"20":{"loc":{"start":{"line":139,"column":10},"end":{"line":139,"column":22}},"type":"default-arg","locations":[{"start":{"line":139,"column":17},"end":{"line":139,"column":22}}],"line":139},"21":{"loc":{"start":{"line":139,"column":24},"end":{"line":139,"column":40}},"type":"default-arg","locations":[{"start":{"line":139,"column":36},"end":{"line":139,"column":40}}],"line":139},"22":{"loc":{"start":{"line":158,"column":2},"end":{"line":158,"column":61}},"type":"if","locations":[{"start":{"line":158,"column":2},"end":{"line":158,"column":61}},{"start":{},"end":{}}],"line":158},"23":{"loc":{"start":{"line":161,"column":9},"end":{"line":161,"column":54}},"type":"binary-expr","locations":[{"start":{"line":161,"column":9},"end":{"line":161,"column":48}},{"start":{"line":161,"column":52},"end":{"line":161,"column":54}}],"line":161}},"s":{"0":1,"1":1,"2":1,"3":1,"4":1,"5":1,"6":1,"7":0,"8":0,"9":0,"10":0,"11":0,"12":0,"13":0,"14":0,"15":0,"16":0,"17":0,"18":0,"19":0,"20":0,"21":0,"22":0,"23":0,"24":0,"25":0,"26":0,"27":0,"28":0,"29":0,"30":0,"31":0,"32":0,"33":0,"34":0,"35":0,"36":0,"37":0,"38":0,"39":0,"40":0,"41":0,"42":0,"43":0,"44":0,"45":0,"46":0,"47":0,"48":0,"49":0,"50":0,"51":0,"52":0,"53":0,"54":0,"55":0,"56":0,"57":0,"58":0,"59":0,"60":0,"61":1},"f":{"0":0,"1":0,"2":0,"3":0,"4":0,"5":0,"6":0,"7":0,"8":0,"9":0,"10":0,"11":0},"b":{"0":[0,0],"1":[0,0],"2":[0,0],"3":[0,0],"4":[0,0],"5":[0,0,0],"6":[0,0],"7":[0,0],"8":[0],"9":[0],"10":[0],"11":[0],"12":[0],"13":[0,0],"14":[0,0],"15":[0,0],"16":[0,0],"17":[0,0],"18":[0,0],"19":[0],"20":[0],"21":[0],"22":[0,0],"23":[0,0]},"_coverageSchema":"1a1c01bbd47fc00a2c39e90264f33305004495a9","hash":"9d4669ef2f4f810561956dc66cc546fc29954d06"}
,"/Users/sanketkamboj/Desktop/promptwars/server/services/smsParser.js": {"path":"/Users/sanketkamboj/Desktop/promptwars/server/services/smsParser.js","statementMap":{"0":{"start":{"line":9,"column":13},"end":{"line":9,"column":30}},"1":{"start":{"line":10,"column":15},"end":{"line":10,"column":40}},"2":{"start":{"line":14,"column":17},"end":{"line":45,"column":1}},"3":{"start":{"line":18,"column":19},"end":{"line":18,"column":88}},"4":{"start":{"line":23,"column":19},"end":{"line":23,"column":88}},"5":{"start":{"line":28,"column":19},"end":{"line":28,"column":88}},"6":{"start":{"line":33,"column":19},"end":{"line":33,"column":88}},"7":{"start":{"line":38,"column":19},"end":{"line":38,"column":88}},"8":{"start":{"line":43,"column":19},"end":{"line":43,"column":88}},"9":{"start":{"line":49,"column":21},"end":{"line":107,"column":1}},"10":{"start":{"line":115,"column":16},"end":{"line":115,"column":63}},"11":{"start":{"line":116,"column":2},"end":{"line":118,"column":3}},"12":{"start":{"line":117,"column":4},"end":{"line":117,"column":40}},"13":{"start":{"line":117,"column":29},"end":{"line":117,"column":40}},"14":{"start":{"line":119,"column":2},"end":{"line":119,"column":19}},"15":{"start":{"line":130,"column":2},"end":{"line":133,"column":3}},"16":{"start":{"line":131,"column":14},"end":{"line":131,"column":31}},"17":{"start":{"line":132,"column":4},"end":{"line":132,"column":27}},"18":{"start":{"line":132,"column":11},"end":{"line":132,"column":27}},"19":{"start":{"line":134,"column":2},"end":{"line":134,"column":14}},"20":{"start":{"line":145,"column":16},"end":{"line":188,"column":3}},"21":{"start":{"line":189,"column":2},"end":{"line":189,"column":42}},"22":{"start":{"line":194,"column":27},"end":{"line":202,"column":130}},"23":{"start":{"line":210,"column":14},"end":{"line":216,"column":3}},"24":{"start":{"line":217,"column":2},"end":{"line":217,"column":29}},"25":{"start":{"line":237,"column":15},"end":{"line":237,"column":19}},"26":{"start":{"line":238,"column":17},"end":{"line":238,"column":24}},"27":{"start":{"line":241,"column":22},"end":{"line":241,"column":45}},"28":{"start":{"line":242,"column":2},"end":{"line":248,"column":3}},"29":{"start":{"line":243,"column":4},"end":{"line":247,"column":6}},"30":{"start":{"line":251,"column":2},"end":{"line":260,"column":3}},"31":{"start":{"line":252,"column":4},"end":{"line":259,"column":5}},"32":{"start":{"line":253,"column":6},"end":{"line":253,"column":45}},"33":{"start":{"line":254,"column":6},"end":{"line":254,"column":24}},"34":{"start":{"line":257,"column":6},"end":{"line":257,"column":88}},"35":{"start":{"line":258,"column":6},"end":{"line":258,"column":24}},"36":{"start":{"line":262,"column":41},"end":{"line":262,"column":47}},"37":{"start":{"line":265,"column":20},"end":{"line":265,"column":21}},"38":{"start":{"line":266,"column":20},"end":{"line":266,"column":22}},"39":{"start":{"line":268,"column":2},"end":{"line":285,"column":3}},"40":{"start":{"line":269,"column":20},"end":{"line":269,"column":54}},"41":{"start":{"line":270,"column":4},"end":{"line":270,"column":33}},"42":{"start":{"line":271,"column":4},"end":{"line":271,"column":27}},"43":{"start":{"line":272,"column":9},"end":{"line":285,"column":3}},"44":{"start":{"line":273,"column":20},"end":{"line":273,"column":71}},"45":{"start":{"line":274,"column":20},"end":{"line":274,"column":60}},"46":{"start":{"line":275,"column":4},"end":{"line":275,"column":33}},"47":{"start":{"line":276,"column":4},"end":{"line":276,"column":74}},"48":{"start":{"line":277,"column":9},"end":{"line":285,"column":3}},"49":{"start":{"line":278,"column":20},"end":{"line":278,"column":32}},"50":{"start":{"line":279,"column":4},"end":{"line":279,"column":59}},"51":{"start":{"line":280,"column":4},"end":{"line":280,"column":52}},"52":{"start":{"line":282,"column":20},"end":{"line":282,"column":54}},"53":{"start":{"line":283,"column":4},"end":{"line":283,"column":33}},"54":{"start":{"line":284,"column":4},"end":{"line":284,"column":57}},"55":{"start":{"line":287,"column":15},"end":{"line":287,"column":65}},"56":{"start":{"line":289,"column":2},"end":{"line":299,"column":4}},"57":{"start":{"line":302,"column":0},"end":{"line":302,"column":66}}},"fnMap":{"0":{"name":"(anonymous_0)","decl":{"start":{"line":18,"column":11},"end":{"line":18,"column":12}},"loc":{"start":{"line":18,"column":19},"end":{"line":18,"column":88}},"line":18},"1":{"name":"(anonymous_1)","decl":{"start":{"line":23,"column":11},"end":{"line":23,"column":12}},"loc":{"start":{"line":23,"column":19},"end":{"line":23,"column":88}},"line":23},"2":{"name":"(anonymous_2)","decl":{"start":{"line":28,"column":11},"end":{"line":28,"column":12}},"loc":{"start":{"line":28,"column":19},"end":{"line":28,"column":88}},"line":28},"3":{"name":"(anonymous_3)","decl":{"start":{"line":33,"column":11},"end":{"line":33,"column":12}},"loc":{"start":{"line":33,"column":19},"end":{"line":33,"column":88}},"line":33},"4":{"name":"(anonymous_4)","decl":{"start":{"line":38,"column":11},"end":{"line":38,"column":12}},"loc":{"start":{"line":38,"column":19},"end":{"line":38,"column":88}},"line":38},"5":{"name":"(anonymous_5)","decl":{"start":{"line":43,"column":11},"end":{"line":43,"column":12}},"loc":{"start":{"line":43,"column":19},"end":{"line":43,"column":88}},"line":43},"6":{"name":"merchantToCategory","decl":{"start":{"line":114,"column":9},"end":{"line":114,"column":27}},"loc":{"start":{"line":114,"column":38},"end":{"line":120,"column":1}},"line":114},"7":{"name":"extractFromSMS","decl":{"start":{"line":129,"column":9},"end":{"line":129,"column":23}},"loc":{"start":{"line":129,"column":33},"end":{"line":135,"column":1}},"line":129},"8":{"name":"buildSwapSuggestion","decl":{"start":{"line":144,"column":9},"end":{"line":144,"column":28}},"loc":{"start":{"line":144,"column":57},"end":{"line":190,"column":1}},"line":144},"9":{"name":"groqParseSMS","decl":{"start":{"line":209,"column":15},"end":{"line":209,"column":27}},"loc":{"start":{"line":209,"column":37},"end":{"line":218,"column":1}},"line":209},"10":{"name":"parseSMS","decl":{"start":{"line":236,"column":15},"end":{"line":236,"column":23}},"loc":{"start":{"line":236,"column":33},"end":{"line":300,"column":1}},"line":236}},"branchMap":{"0":{"loc":{"start":{"line":117,"column":4},"end":{"line":117,"column":40}},"type":"if","locations":[{"start":{"line":117,"column":4},"end":{"line":117,"column":40}},{"start":{},"end":{}}],"line":117},"1":{"loc":{"start":{"line":132,"column":4},"end":{"line":132,"column":27}},"type":"if","locations":[{"start":{"line":132,"column":4},"end":{"line":132,"column":27}},{"start":{},"end":{}}],"line":132},"2":{"loc":{"start":{"line":189,"column":9},"end":{"line":189,"column":41}},"type":"binary-expr","locations":[{"start":{"line":189,"column":9},"end":{"line":189,"column":24}},{"start":{"line":189,"column":28},"end":{"line":189,"column":41}}],"line":189},"3":{"loc":{"start":{"line":242,"column":2},"end":{"line":248,"column":3}},"type":"if","locations":[{"start":{"line":242,"column":2},"end":{"line":248,"column":3}},{"start":{},"end":{}}],"line":242},"4":{"loc":{"start":{"line":242,"column":6},"end":{"line":242,"column":43}},"type":"binary-expr","locations":[{"start":{"line":242,"column":6},"end":{"line":242,"column":17}},{"start":{"line":242,"column":21},"end":{"line":242,"column":43}}],"line":242},"5":{"loc":{"start":{"line":251,"column":2},"end":{"line":260,"column":3}},"type":"if","locations":[{"start":{"line":251,"column":2},"end":{"line":260,"column":3}},{"start":{},"end":{}}],"line":251},"6":{"loc":{"start":{"line":268,"column":2},"end":{"line":285,"column":3}},"type":"if","locations":[{"start":{"line":268,"column":2},"end":{"line":285,"column":3}},{"start":{"line":272,"column":9},"end":{"line":285,"column":3}}],"line":268},"7":{"loc":{"start":{"line":272,"column":9},"end":{"line":285,"column":3}},"type":"if","locations":[{"start":{"line":272,"column":9},"end":{"line":285,"column":3}},{"start":{"line":277,"column":9},"end":{"line":285,"column":3}}],"line":272},"8":{"loc":{"start":{"line":277,"column":9},"end":{"line":285,"column":3}},"type":"if","locations":[{"start":{"line":277,"column":9},"end":{"line":285,"column":3}},{"start":{"line":281,"column":9},"end":{"line":285,"column":3}}],"line":277},"9":{"loc":{"start":{"line":291,"column":17},"end":{"line":291,"column":38}},"type":"binary-expr","locations":[{"start":{"line":291,"column":17},"end":{"line":291,"column":25}},{"start":{"line":291,"column":29},"end":{"line":291,"column":38}}],"line":291}},"s":{"0":1,"1":1,"2":1,"3":2,"4":0,"5":0,"6":1,"7":0,"8":0,"9":1,"10":14,"11":14,"12":284,"13":13,"14":1,"15":5,"16":18,"17":18,"18":3,"19":2,"20":0,"21":0,"22":1,"23":0,"24":0,"25":0,"26":0,"27":0,"28":0,"29":0,"30":0,"31":0,"32":0,"33":0,"34":0,"35":0,"36":0,"37":0,"38":0,"39":0,"40":0,"41":0,"42":0,"43":0,"44":0,"45":0,"46":0,"47":0,"48":0,"49":0,"50":0,"51":0,"52":0,"53":0,"54":0,"55":0,"56":0,"57":1},"f":{"0":2,"1":0,"2":0,"3":1,"4":0,"5":0,"6":14,"7":5,"8":0,"9":0,"10":0},"b":{"0":[13,271],"1":[3,15],"2":[0,0],"3":[0,0],"4":[0,0],"5":[0,0],"6":[0,0],"7":[0,0],"8":[0,0],"9":[0,0]},"_coverageSchema":"1a1c01bbd47fc00a2c39e90264f33305004495a9","hash":"a71cef5b95497f309092078a82ac030c8b9f9d05"}
,"/Users/sanketkamboj/Desktop/promptwars/server/services/swapEngine.js": {"path":"/Users/sanketkamboj/Desktop/promptwars/server/services/swapEngine.js","statementMap":{"0":{"start":{"line":9,"column":22},"end":{"line":9,"column":47}},"1":{"start":{"line":16,"column":18},"end":{"line":160,"column":1}},"2":{"start":{"line":171,"column":13},"end":{"line":171,"column":27}},"3":{"start":{"line":174,"column":2},"end":{"line":177,"column":3}},"4":{"start":{"line":175,"column":19},"end":{"line":175,"column":70}},"5":{"start":{"line":175,"column":38},"end":{"line":175,"column":69}},"6":{"start":{"line":176,"column":4},"end":{"line":176,"column":41}},"7":{"start":{"line":176,"column":27},"end":{"line":176,"column":41}},"8":{"start":{"line":180,"column":17},"end":{"line":191,"column":4}},"9":{"start":{"line":182,"column":27},"end":{"line":182,"column":72}},"10":{"start":{"line":183,"column":27},"end":{"line":183,"column":72}},"11":{"start":{"line":184,"column":27},"end":{"line":184,"column":44}},"12":{"start":{"line":186,"column":4},"end":{"line":190,"column":6}},"13":{"start":{"line":194,"column":2},"end":{"line":194,"column":53}},"14":{"start":{"line":194,"column":24},"end":{"line":194,"column":51}},"15":{"start":{"line":197,"column":20},"end":{"line":199,"column":3}},"16":{"start":{"line":200,"column":16},"end":{"line":200,"column":41}},"17":{"start":{"line":202,"column":15},"end":{"line":202,"column":59}},"18":{"start":{"line":205,"column":24},"end":{"line":205,"column":58}},"19":{"start":{"line":207,"column":2},"end":{"line":220,"column":4}},"20":{"start":{"line":228,"column":2},"end":{"line":236,"column":49}},"21":{"start":{"line":229,"column":27},"end":{"line":229,"column":72}},"22":{"start":{"line":230,"column":27},"end":{"line":230,"column":72}},"23":{"start":{"line":231,"column":27},"end":{"line":231,"column":44}},"24":{"start":{"line":232,"column":4},"end":{"line":235,"column":6}},"25":{"start":{"line":236,"column":20},"end":{"line":236,"column":47}},"26":{"start":{"line":239,"column":0},"end":{"line":239,"column":64}}},"fnMap":{"0":{"name":"getDailySwap","decl":{"start":{"line":170,"column":9},"end":{"line":170,"column":21}},"loc":{"start":{"line":170,"column":36},"end":{"line":221,"column":1}},"line":170},"1":{"name":"(anonymous_1)","decl":{"start":{"line":175,"column":31},"end":{"line":175,"column":32}},"loc":{"start":{"line":175,"column":38},"end":{"line":175,"column":69}},"line":175},"2":{"name":"(anonymous_2)","decl":{"start":{"line":180,"column":26},"end":{"line":180,"column":27}},"loc":{"start":{"line":180,"column":36},"end":{"line":191,"column":3}},"line":180},"3":{"name":"(anonymous_3)","decl":{"start":{"line":194,"column":14},"end":{"line":194,"column":15}},"loc":{"start":{"line":194,"column":24},"end":{"line":194,"column":51}},"line":194},"4":{"name":"getAllScoredSwaps","decl":{"start":{"line":227,"column":9},"end":{"line":227,"column":26}},"loc":{"start":{"line":227,"column":29},"end":{"line":237,"column":1}},"line":227},"5":{"name":"(anonymous_5)","decl":{"start":{"line":228,"column":23},"end":{"line":228,"column":24}},"loc":{"start":{"line":228,"column":33},"end":{"line":236,"column":3}},"line":228},"6":{"name":"(anonymous_6)","decl":{"start":{"line":236,"column":10},"end":{"line":236,"column":11}},"loc":{"start":{"line":236,"column":20},"end":{"line":236,"column":47}},"line":236}},"branchMap":{"0":{"loc":{"start":{"line":170,"column":22},"end":{"line":170,"column":34}},"type":"default-arg","locations":[{"start":{"line":170,"column":32},"end":{"line":170,"column":34}}],"line":170},"1":{"loc":{"start":{"line":174,"column":2},"end":{"line":177,"column":3}},"type":"if","locations":[{"start":{"line":174,"column":2},"end":{"line":177,"column":3}},{"start":{},"end":{}}],"line":174},"2":{"loc":{"start":{"line":176,"column":4},"end":{"line":176,"column":41}},"type":"if","locations":[{"start":{"line":176,"column":4},"end":{"line":176,"column":41}},{"start":{},"end":{}}],"line":176},"3":{"loc":{"start":{"line":202,"column":15},"end":{"line":202,"column":59}},"type":"cond-expr","locations":[{"start":{"line":202,"column":34},"end":{"line":202,"column":43}},{"start":{"line":202,"column":46},"end":{"line":202,"column":59}}],"line":202}},"s":{"0":1,"1":1,"2":2,"3":2,"4":1,"5":11,"6":1,"7":1,"8":2,"9":15,"10":15,"11":15,"12":15,"13":2,"14":29,"15":2,"16":2,"17":2,"18":2,"19":2,"20":1,"21":11,"22":11,"23":11,"24":11,"25":25,"26":1},"f":{"0":2,"1":11,"2":15,"3":29,"4":1,"5":11,"6":25},"b":{"0":[1],"1":[1,1],"2":[1,0],"3":[1,1]},"_coverageSchema":"1a1c01bbd47fc00a2c39e90264f33305004495a9","hash":"cebbde1e1d555122b620b5e99dad0a1502774ad5"}
}
