TN:
SF:services/carbonEngine.js
FN:21,calcElectricity
FN:39,calcTransport
FN:57,estimateDistanceFromFare
FN:71,calcFoodItem
FN:74,(anonymous_4)
FN:103,calcFoodDelivery
FN:142,calcSpend
FN:160,scoreSwap
FN:175,normalise
FNF:9
FNH:7
FNDA:6,calcElectricity
FNDA:7,calcTransport
FNDA:2,estimateDistanceFromFare
FNDA:4,calcFoodItem
FNDA:68,(anonymous_4)
FNDA:4,calcFoodDelivery
FNDA:0,calcSpend
FNDA:30,scoreSwap
FNDA:0,normalise
DA:9,3
DA:10,3
DA:11,3
DA:22,6
DA:23,6
DA:24,6
DA:40,7
DA:41,7
DA:42,7
DA:58,2
DA:59,2
DA:72,4
DA:73,4
DA:74,68
DA:77,4
DA:78,4
DA:79,4
DA:87,0
DA:88,0
DA:105,4
DA:107,4
DA:109,4
DA:110,4
DA:124,3
DA:143,0
DA:144,0
DA:145,0
DA:161,30
DA:176,0
DA:177,0
DA:180,3
LF:31
LH:24
BRDA:22,0,0,6
BRDA:22,0,1,1
BRDA:23,1,0,6
BRDA:23,1,1,1
BRDA:40,2,0,7
BRDA:40,2,1,1
BRDA:41,3,0,7
BRDA:41,3,1,0
BRDA:57,4,0,1
BRDA:58,5,0,2
BRDA:58,5,1,0
BRDA:72,6,0,4
BRDA:72,6,1,0
BRDA:74,7,0,68
BRDA:74,7,1,64
BRDA:77,8,0,4
BRDA:77,8,1,0
BRDA:103,9,0,0
BRDA:143,10,0,0
BRDA:143,10,1,0
BRDA:144,11,0,0
BRDA:144,11,1,0
BRDA:176,12,0,0
BRDA:176,12,1,0
BRF:24
BRH:13
end_of_record
TN:
SF:services/groq.js
FN:25,initClients
FN:28,(anonymous_1)
FN:28,(anonymous_2)
FN:33,(anonymous_3)
FN:41,withRetry
FN:73,getCached
FN:85,setCached
FN:99,complete
FN:121,(anonymous_8)
FN:138,analyzeImage
FN:160,(anonymous_10)
FN:170,parseJSON
FNF:12
FNH:0
FNDA:0,initClients
FNDA:0,(anonymous_1)
FNDA:0,(anonymous_2)
FNDA:0,(anonymous_3)
FNDA:0,withRetry
FNDA:0,getCached
FNDA:0,setCached
FNDA:0,complete
FNDA:0,(anonymous_8)
FNDA:0,analyzeImage
FNDA:0,(anonymous_10)
FNDA:0,parseJSON
DA:3,1
DA:11,1
DA:12,1
DA:15,1
DA:16,1
DA:18,1
DA:19,1
DA:26,0
DA:27,0
DA:28,0
DA:30,0
DA:31,0
DA:33,0
DA:42,0
DA:43,0
DA:44,0
DA:46,0
DA:47,0
DA:48,0
DA:49,0
DA:51,0
DA:52,0
DA:55,0
DA:56,0
DA:57,0
DA:58,0
DA:61,0
DA:66,0
DA:74,0
DA:75,0
DA:76,0
DA:77,0
DA:86,0
DA:105,0
DA:107,0
DA:108,0
DA:109,0
DA:110,0
DA:113,0
DA:119,0
DA:121,0
DA:122,0
DA:124,0
DA:125,0
DA:139,0
DA:141,0
DA:158,0
DA:160,0
DA:161,0
DA:172,0
DA:173,0
DA:176,1
LF:52
LH:8
BRDA:26,0,0,0
BRDA:26,0,1,0
BRDA:27,1,0,0
BRDA:27,1,1,0
BRDA:30,2,0,0
BRDA:30,2,1,0
BRDA:52,3,0,0
BRDA:52,3,1,0
BRDA:55,4,0,0
BRDA:55,4,1,0
BRDA:55,5,0,0
BRDA:55,5,1,0
BRDA:55,5,2,0
BRDA:75,6,0,0
BRDA:75,6,1,0
BRDA:75,7,0,0
BRDA:75,7,1,0
BRDA:99,8,0,0
BRDA:101,9,0,0
BRDA:102,10,0,0
BRDA:103,11,0,0
BRDA:104,12,0,0
BRDA:107,13,0,0
BRDA:107,13,1,0
BRDA:108,14,0,0
BRDA:108,14,1,0
BRDA:110,15,0,0
BRDA:110,15,1,0
BRDA:119,16,0,0
BRDA:119,16,1,0
BRDA:122,17,0,0
BRDA:122,17,1,0
BRDA:124,18,0,0
BRDA:124,18,1,0
BRDA:138,19,0,0
BRDA:139,20,0,0
BRDA:139,21,0,0
BRDA:158,22,0,0
BRDA:158,22,1,0
BRDA:161,23,0,0
BRDA:161,23,1,0
BRF:41
BRH:0
end_of_record
TN:
SF:services/smsParser.js
FN:18,(anonymous_0)
FN:23,(anonymous_1)
FN:28,(anonymous_2)
FN:33,(anonymous_3)
FN:38,(anonymous_4)
FN:43,(anonymous_5)
FN:114,merchantToCategory
FN:129,extractFromSMS
FN:144,buildSwapSuggestion
FN:209,groqParseSMS
FN:236,parseSMS
FNF:11
FNH:4
FNDA:2,(anonymous_0)
FNDA:0,(anonymous_1)
FNDA:0,(anonymous_2)
FNDA:1,(anonymous_3)
FNDA:0,(anonymous_4)
FNDA:0,(anonymous_5)
FNDA:14,merchantToCategory
FNDA:5,extractFromSMS
FNDA:0,buildSwapSuggestion
FNDA:0,groqParseSMS
FNDA:0,parseSMS
DA:9,1
DA:10,1
DA:14,1
DA:18,2
DA:23,0
DA:28,0
DA:33,1
DA:38,0
DA:43,0
DA:49,1
DA:115,14
DA:116,14
DA:117,284
DA:119,1
DA:130,5
DA:131,18
DA:132,18
DA:134,2
DA:145,0
DA:189,0
DA:194,1
DA:210,0
DA:217,0
DA:237,0
DA:238,0
DA:241,0
DA:242,0
DA:243,0
DA:251,0
DA:252,0
DA:253,0
DA:254,0
DA:257,0
DA:258,0
DA:262,0
DA:265,0
DA:266,0
DA:268,0
DA:269,0
DA:270,0
DA:271,0
DA:272,0
DA:273,0
DA:274,0
DA:275,0
DA:276,0
DA:277,0
DA:278,0
DA:279,0
DA:280,0
DA:282,0
DA:283,0
DA:284,0
DA:287,0
DA:289,0
DA:302,1
LF:56
LH:16
BRDA:117,0,0,13
BRDA:117,0,1,271
BRDA:132,1,0,3
BRDA:132,1,1,15
BRDA:189,2,0,0
BRDA:189,2,1,0
BRDA:242,3,0,0
BRDA:242,3,1,0
BRDA:242,4,0,0
BRDA:242,4,1,0
BRDA:251,5,0,0
BRDA:251,5,1,0
BRDA:268,6,0,0
BRDA:268,6,1,0
BRDA:272,7,0,0
BRDA:272,7,1,0
BRDA:277,8,0,0
BRDA:277,8,1,0
BRDA:291,9,0,0
BRDA:291,9,1,0
BRF:20
BRH:4
end_of_record
TN:
SF:services/swapEngine.js
FN:170,getDailySwap
FN:175,(anonymous_1)
FN:180,(anonymous_2)
FN:194,(anonymous_3)
FN:227,getAllScoredSwaps
FN:228,(anonymous_5)
FN:236,(anonymous_6)
FNF:7
FNH:7
FNDA:2,getDailySwap
FNDA:11,(anonymous_1)
FNDA:15,(anonymous_2)
FNDA:29,(anonymous_3)
FNDA:1,getAllScoredSwaps
FNDA:11,(anonymous_5)
FNDA:25,(anonymous_6)
DA:9,1
DA:16,1
DA:171,2
DA:174,2
DA:175,11
DA:176,1
DA:180,2
DA:182,15
DA:183,15
DA:184,15
DA:186,15
DA:194,29
DA:197,2
DA:200,2
DA:202,2
DA:205,2
DA:207,2
DA:228,1
DA:229,11
DA:230,11
DA:231,11
DA:232,11
DA:236,25
DA:239,1
LF:24
LH:24
BRDA:170,0,0,1
BRDA:174,1,0,1
BRDA:174,1,1,1
BRDA:176,2,0,1
BRDA:176,2,1,0
BRDA:202,3,0,1
BRDA:202,3,1,1
BRF:7
BRH:6
end_of_record
